<?xml version="1.0" encoding="UTF-8"?>
<!-- Generated by org.testng.reporters.JUnitReportReporter -->
<testsuite hostname="Pranav" failures="0" tests="3" name="testCases.TC_002_LoginDDT" time="39.764" errors="0" timestamp="2024-12-13T20:32:06 IST" skipped="0">
  <testcase classname="testCases.TC_002_LoginDDT" name="TestLogin" time="8.543"/>
  <system-out/>
  <testcase classname="testCases.TC_002_LoginDDT" name="TestLogin" time="15.603"/>
  <system-out/>
  <testcase classname="testCases.TC_002_LoginDDT" name="TestLogin" time="15.618"/>
  <system-out/>
</testsuite> <!-- testCases.TC_002_LoginDDT -->
