<?xml version="1.0" encoding="UTF-8"?>
<!-- Generated by org.testng.reporters.JUnitReportReporter -->
<testsuite hostname="Pranav" failures="0" tests="1" name="testCases.TC001_LoginTest" time="2.002" errors="0" timestamp="2024-12-15T20:31:21 IST" skipped="0">
  <testcase classname="testCases.TC001_LoginTest" name="TestLogin" time="2.002"/>
  <system-out/>
</testsuite> <!-- testCases.TC001_LoginTest -->
