<?xml version="1.0" encoding="UTF-8"?>
<!-- Generated by org.testng.reporters.JUnitReportReporter -->
<testsuite hostname="Pranav" failures="0" tests="1" name="testCases.TC001_AccountRegistrationTest" time="25.411" errors="0" timestamp="2024-12-15T20:31:21 IST" skipped="0">
  <testcase classname="testCases.TC001_AccountRegistrationTest" name="verifyAccountRegistration" time="25.411"/>
  <system-out/>
</testsuite> <!-- testCases.TC001_AccountRegistrationTest -->
