<?xml version="1.0" encoding="UTF-8"?>
<!-- Generated by org.testng.reporters.JUnitReportReporter -->
<testsuite hostname="Pranav" failures="0" tests="1" name="testCases.TC001_AccountRegistrationTest" time="24.178" errors="0" timestamp="2024-12-20T09:03:12 IST" skipped="0">
  <testcase classname="testCases.TC001_AccountRegistrationTest" name="verifyAccountRegistration" time="24.178"/>
</testsuite> <!-- testCases.TC001_AccountRegistrationTest -->
